<?xml version="1.0" encoding="UTF-8"?>
<!-- Generated by org.testng.reporters.JUnitXMLReporter -->
<testsuite ignored="8" hostname="LTIN291347" failures="0" tests="7" name="Default test" time="145.032" errors="0" timestamp="2022-03-16T11:51:26 IST">
  <testcase classname="com.zigwheels.testlogin.LoginTest" name="testOne" time="12.199"/>
  <testcase classname="com.zigwheels.testlogin.LoginTest" name="testTwo" time="10.743"/>
  <testcase classname="com.zigwheels.testlogin.LoginTest" name="testThree" time="11.876"/>
  <testcase classname="com.zigweels.UsedCars.UsedCarTest" name="extractUsedCarsModel1" time="5.828"/>
  <testcase classname="com.zigweels.testupcommingbikes.NewBikesTest" name="Test1" time="29.101"/>
  <testcase classname="com.zigweels.testupcommingbikes.NewBikesTest" name="Test2" time="30.206"/>
  <testcase classname="com.zigweels.testupcommingbikes.NewBikesTest" name="Test3" time="45.024"/>
  <testcase classname="com.newBikes.base.baseUI" name="@AfterSuite endReport" time="0.0">
    <ignored/>
  </testcase> <!-- @AfterSuite endReport -->
  <testcase classname="com.newBikes.base.baseUI" name="@AfterSuite endReport" time="0.0">
    <ignored/>
  </testcase> <!-- @AfterSuite endReport -->
  <testcase classname="com.newBikes.base.baseUI" name="@AfterSuite endReport" time="0.0">
    <ignored/>
  </testcase> <!-- @AfterSuite endReport -->
  <testcase classname="com.newBikes.base.baseUI" name="@AfterSuite endReport" time="0.0">
    <ignored/>
  </testcase> <!-- @AfterSuite endReport -->
  <testcase classname="com.newBikes.base.baseUI" name="@AfterSuite endReport" time="0.0">
    <ignored/>
  </testcase> <!-- @AfterSuite endReport -->
  <testcase classname="com.newBikes.base.baseUI" name="@AfterSuite endReport" time="0.0">
    <ignored/>
  </testcase> <!-- @AfterSuite endReport -->
  <testcase classname="com.newBikes.base.baseUI" name="@AfterSuite endReport" time="0.0">
    <ignored/>
  </testcase> <!-- @AfterSuite endReport -->
  <testcase classname="com.newBikes.base.baseUI" name="@AfterSuite endReport" time="0.0">
    <ignored/>
  </testcase> <!-- @AfterSuite endReport -->
</testsuite> <!-- Default test -->
