<?xml version="1.0" encoding="UTF-8"?>
<testng-results ignored="8" total="15" passed="7" failed="0" skipped="0">
  <reporter-output>
  </reporter-output>
  <suite started-at="2022-03-16T11:49:01 IST" name="Default suite" finished-at="2022-03-16T11:51:26 IST" duration-ms="145032">
    <groups>
    </groups>
    <test started-at="2022-03-16T11:49:01 IST" name="Default test" finished-at="2022-03-16T11:51:26 IST" duration-ms="145032">
      <class name="com.newBikes.base.baseUI">
        <test-method is-config="true" signature="endReport()[pri:0, instance:com.newBikes.base.baseUI@18f8cd79]" started-at="2022-03-16T11:51:26 IST" name="endReport" finished-at="2022-03-16T11:51:26 IST" duration-ms="303" status="PASS">
          <reporter-output>
          </reporter-output>
        </test-method> <!-- endReport -->
      </class> <!-- com.newBikes.base.baseUI -->
      <class name="com.zigwheels.testlogin.LoginTest">
        <test-method signature="testOne()[pri:1, instance:com.zigwheels.testlogin.LoginTest@2bdd8394]" started-at="2022-03-16T11:49:01 IST" name="testOne" finished-at="2022-03-16T11:49:13 IST" duration-ms="12199" status="PASS">
          <reporter-output>
          </reporter-output>
        </test-method> <!-- testOne -->
        <test-method signature="testTwo()[pri:2, instance:com.zigwheels.testlogin.LoginTest@2bdd8394]" started-at="2022-03-16T11:49:13 IST" name="testTwo" finished-at="2022-03-16T11:49:23 IST" duration-ms="10743" status="PASS">
          <reporter-output>
          </reporter-output>
        </test-method> <!-- testTwo -->
        <test-method signature="testThree()[pri:3, instance:com.zigwheels.testlogin.LoginTest@2bdd8394]" started-at="2022-03-16T11:49:23 IST" name="testThree" finished-at="2022-03-16T11:49:35 IST" duration-ms="11876" status="PASS">
          <reporter-output>
          </reporter-output>
        </test-method> <!-- testThree -->
      </class> <!-- com.zigwheels.testlogin.LoginTest -->
      <class name="com.zigweels.UsedCars.UsedCarTest">
        <test-method signature="extractUsedCarsModel1()[pri:0, instance:com.zigweels.UsedCars.UsedCarTest@68878f6d]" started-at="2022-03-16T11:49:35 IST" name="extractUsedCarsModel1" finished-at="2022-03-16T11:49:41 IST" duration-ms="5828" status="PASS">
          <reporter-output>
          </reporter-output>
        </test-method> <!-- extractUsedCarsModel1 -->
      </class> <!-- com.zigweels.UsedCars.UsedCarTest -->
      <class name="com.zigweels.testupcommingbikes.NewBikesTest">
        <test-method signature="Test1()[pri:1, instance:com.zigweels.testupcommingbikes.NewBikesTest@a8ef162]" started-at="2022-03-16T11:49:41 IST" name="Test1" finished-at="2022-03-16T11:50:10 IST" duration-ms="29101" status="PASS">
          <reporter-output>
          </reporter-output>
        </test-method> <!-- Test1 -->
        <test-method signature="Test2()[pri:2, instance:com.zigweels.testupcommingbikes.NewBikesTest@a8ef162]" started-at="2022-03-16T11:50:10 IST" name="Test2" finished-at="2022-03-16T11:50:41 IST" duration-ms="30206" status="PASS">
          <reporter-output>
          </reporter-output>
        </test-method> <!-- Test2 -->
        <test-method signature="Test3()[pri:3, instance:com.zigweels.testupcommingbikes.NewBikesTest@a8ef162]" started-at="2022-03-16T11:50:41 IST" name="Test3" finished-at="2022-03-16T11:51:26 IST" duration-ms="45024" status="PASS">
          <reporter-output>
          </reporter-output>
        </test-method> <!-- Test3 -->
      </class> <!-- com.zigweels.testupcommingbikes.NewBikesTest -->
    </test> <!-- Default test -->
  </suite> <!-- Default suite -->
</testng-results>
